[2023-02-01|21:33:38] search_mode:search root 南开
[2023-02-01|21:33:56] search_mode:search root 南开
[2023-02-01|21:33:58] search_mode:search root 南开
[2023-02-01|21:34:02] search_mode:search root 南开
[2023-02-01|21:34:04] search_mode:search root 南开
[2023-02-01|21:34:08] search_mode:search root 南开
[2023-02-01|21:34:10] search_mode:search root 南开
[2023-02-01|21:34:12] search_mode:search root 南开
[2023-02-01|21:34:13] search_mode:search root 南开
[2023-02-01|21:34:16] search_mode:search root 南开
[2023-02-01|21:35:03] search_mode:search root 南开
[2023-02-01|21:37:37] search_mode:phrase_search root 南开大学范孙楼
[2023-02-01|21:37:50] search_mode:phrase_search root 啦啦啦
[2023-02-01|21:37:58] search_mode:phrase_search root 大范
[2023-02-01|21:38:41] search_mode:phrase_search root 阿斯蒂芬
[2023-02-01|21:39:38] search_mode:phrase_search root 大学
[2023-02-01|21:40:02] search_mode:search root 大学
[2023-02-01|21:40:05] search_mode:search root 大学
[2023-02-01|21:40:07] search_mode:search root 大学
[2023-02-01|21:40:09] search_mode:search root 大学
[2023-02-01|21:40:10] search_mode:search root 大学
[2023-02-01|21:40:53] search_mode:wildcard_search root 叶*
[2023-02-01|21:40:57] search_mode:search root 叶*
[2023-02-01|21:41:01] search_mode:wildcard_search root 叶*
[2023-02-01|21:41:04] search_mode:search root 叶*
[2023-02-01|21:41:05] search_mode:wildcard_search root 叶*
[2023-02-01|21:48:47] search_mode:search root 南开
[2023-02-01|21:48:57] search_mode:phrase_search root 南开大学范孙楼
[2023-02-01|21:49:03] search_mode:phrase_search root 南开大学 范孙楼
[2023-02-01|21:49:05] search_mode:phrase_search root 南开大学 范孙楼
[2023-02-01|21:49:20] search_mode:wildcard_search root 叶*
[2023-02-01|21:49:26] search_mode:wildcard_search root 叶*
[2023-02-01|21:49:29] search_mode:wildcard_search root 叶*
[2023-02-01|21:49:30] search_mode:wildcard_search root 叶*
[2023-02-01|21:49:31] search_mode:wildcard_search root 叶*
[2023-02-01|21:49:33] search_mode:wildcard_search root 叶*
[2023-02-01|21:50:45] search_mode:phrase_search root sfdhjfykul
[2023-02-01|22:00:54] search_mode:search root 南开
[2023-02-01|22:00:59] search_mode:search root 南开
[2023-02-01|22:01:09] search_mode:phrase_search root 和
[2023-02-01|22:01:15] search_mode:phrase_search root 叶
[2023-02-01|22:01:20] search_mode:phrase_search root 各位
[2023-02-01|22:01:25] search_mode:phrase_search root 范孙楼
[2023-02-01|22:01:29] search_mode:phrase_search root 范孙楼
[2023-02-01|22:01:33] search_mode:phrase_search root 范孙楼
